
> hommie-0-commission@1.0.0 lint
> next lint

? How would you like to configure ESLint? https://nextjs.org/docs/basic-features/eslint
[?25lâ¯  Strict (recommended)
   Base
   Cancel âš  If you set up ESLint yourself, we recommend adding the Next.js ESLint plugin. See https://nextjs.org/docs/basic-features/eslint#migrating-existing-config

> hommie-0-commission@1.0.0 lint
> next lint

? How would you like to configure ESLint? https://nextjs.org/docs/basic-features/eslint
[?25lâ¯  Strict (recommended)
   Base
   Cancel âš  If you set up ESLint yourself, we recommend adding the Next.js ESLint plugin. See https://nextjs.org/docs/basic-features/eslint#migrating-existing-config

> hommie-0-commission@1.0.0 lint
> next lint

? How would you like to configure ESLint? https://nextjs.org/docs/basic-features/eslint
[?25lâ¯  Strict (recommended)
   Base
   Cancel âš  If you set up ESLint yourself, we recommend adding the Next.js ESLint plugin. See https://nextjs.org/docs/basic-features/eslint#migrating-existing-config

> hommie-0-commission@1.0.0 lint
> eslint . --ext .ts,.tsx,.js,.jsx,.mjs,.cjs --report-unused-disable-directives --max-warnings=0


> hommie-0-commission@1.0.0 lint
> eslint . --ext .ts,.tsx,.js,.jsx,.mjs,.cjs --report-unused-disable-directives --max-warnings=0


> hommie-0-commission@1.0.0 lint
> eslint . --ext .ts,.tsx,.js,.jsx,.mjs,.cjs --report-unused-disable-directives --max-warnings=0

