npm error Missing script: "typecheck"
npm error
npm error To see a list of scripts, run:
npm error   npm run
npm error A complete log of this run can be found in: /Users/macbookpro/.npm/_logs/2025-08-11T22_34_35_869Z-debug-0.log
npm error Missing script: "typecheck"
npm error
npm error To see a list of scripts, run:
npm error   npm run
npm error A complete log of this run can be found in: /Users/macbookpro/.npm/_logs/2025-08-11T22_35_34_688Z-debug-0.log
npm error Missing script: "typecheck"
npm error
npm error To see a list of scripts, run:
npm error   npm run
npm error A complete log of this run can be found in: /Users/macbookpro/.npm/_logs/2025-08-11T22_36_47_799Z-debug-0.log
npm error Missing script: "typecheck"
npm error
npm error To see a list of scripts, run:
npm error   npm run
npm error A complete log of this run can be found in: /Users/macbookpro/.npm/_logs/2025-08-12T00_45_09_018Z-debug-0.log
npm error Missing script: "typecheck"
npm error
npm error To see a list of scripts, run:
npm error   npm run
npm error A complete log of this run can be found in: /Users/macbookpro/.npm/_logs/2025-08-12T00_45_38_571Z-debug-0.log
npm error Missing script: "typecheck"
npm error
npm error To see a list of scripts, run:
npm error   npm run
npm error A complete log of this run can be found in: /Users/macbookpro/.npm/_logs/2025-08-12T00_46_08_467Z-debug-0.log
